<?xml version="1.0" encoding="UTF-8" ?>
<testsuite errors="0" failures="46" hostname="new-host-3.home" name="test.evaluador.Lexico.TestParser" tests="219" time="0.134" timestamp="2012-06-05T20:07:38">
  <properties>
[...]
</properties>
  <testcase classname="test.evaluador.Lexico.TestParser" name="testOperadorSuma" time="0.0020" />
  <testcase classname="test.evaluador.Lexico.TestParser" name="testOperadorResta" time="0.0" />
  <testcase classname="test.evaluador.Lexico.TestParser" name="testOperadorMultiplicacion" time="0.0" />
  <testcase classname="test.evaluador.Lexico.TestParser" name="testOperadorDivision" time="0.0010" />
  <testcase classname="test.evaluador.Lexico.TestParser" name="testOperadorExponente" time="0.0" />
  <testcase classname="test.evaluador.Lexico.TestParser" name="testOperadorModulo" time="0.0010" />
  <testcase classname="test.evaluador.Lexico.TestParser" name="testOperadorIgual" time="0.0" />
  <testcase classname="test.evaluador.Lexico.TestParser" name="testOperadorParentesis1" time="0.0" />
  <testcase classname="test.evaluador.Lexico.TestParser" name="testOperadorParentesis2" time="0.0" />
  <testcase classname="test.evaluador.Lexico.TestParser" name="testOperadorExclamacion" time="0.0" />
  <testcase classname="test.evaluador.Lexico.TestParser" name="testOperadorPunto" time="0.0020">
    <failure message=". se evalua como operador" type="junit.framework.AssertionFailedError">junit.framework.AssertionFailedError: . se evalua como operador
	at test.evaluador.Lexico.TestParser.testOperadorPunto(Unknown Source)
</failure>
  </testcase>
  <testcase classname="test.evaluador.Lexico.TestParser" name="testOperadorPuntoYComa" time="0.0" />
  <testcase classname="test.evaluador.Lexico.TestParser" name="testPrimeraLineaUnCaracter" time="0.0010" />
  <testcase classname="test.evaluador.Lexico.TestParser" name="testPrimeraLineaVariosCaracter" time="0.0" />
  <testcase classname="test.evaluador.Lexico.TestParser" name="testSegundaLineaUnCaracter" time="0.0" />
  <testcase classname="test.evaluador.Lexico.TestParser" name="testSegundaLineaVariosCaracteres" time="0.0" />
  <testcase classname="test.evaluador.Lexico.TestParser" name="testPrimerCaracterDeLinea" time="0.0010">
    <failure message="Probando 4 expected:&lt;4&gt; but was:&lt;0&gt;" type="junit.framework.AssertionFailedError">junit.framework.AssertionFailedError: Probando 4 expected:&lt;4&gt; but was:&lt;0&gt;
	at test.evaluador.Lexico.TestParser.testPrimerCaracterDeLinea(Unknown Source)
</failure>
  </testcase>
  <testcase classname="test.evaluador.Lexico.TestParser" name="testPrimerCaracterDeLineaSalto" time="0.0">
    <failure message="Probando 4 expected:&lt;4&gt; but was:&lt;0&gt;" type="junit.framework.AssertionFailedError">junit.framework.AssertionFailedError: Probando 4 expected:&lt;4&gt; but was:&lt;0&gt;
	at test.evaluador.Lexico.TestParser.testPrimerCaracterDeLineaSalto(Unknown Source)
</failure>
  </testcase>
  <testcase classname="test.evaluador.Lexico.TestParser" name="testPrioridad" time="0.0010" />
  <testcase classname="test.evaluador.Lexico.TestParser" name="testSacarSiNoHay" time="0.0">
    <failure message="M·s Tokens de los que deberÌa" type="junit.framework.AssertionFailedError">junit.framework.AssertionFailedError: M·s Tokens de los que deberÌa
	at test.evaluador.Lexico.TestParser.testSacarSiNoHay(Unknown Source)
</failure>
  </testcase>
  <testcase classname="test.evaluador.Lexico.TestParser" name="testSiguienteSiNoHay" time="0.0" />
  <testcase classname="test.evaluador.Lexico.TestParser" name="testNoToken" time="0.0" />
  <testcase classname="test.evaluador.Lexico.TestParser" name="testREAL" time="0.0" />
  <testcase classname="test.evaluador.Lexico.TestParser" name="testENTEROPalabraReservada" time="0.0" />
  <testcase classname="test.evaluador.Lexico.TestParser" name="testREALPalabraReservada" time="0.0" />
  <testcase classname="test.evaluador.Lexico.TestParser" name="testCaracterAMin" time="0.0" />
  <testcase classname="test.evaluador.Lexico.TestParser" name="testCaracterAMay" time="0.0" />
  <testcase classname="test.evaluador.Lexico.TestParser" name="testCaracterBMin" time="0.0" />
  <testcase classname="test.evaluador.Lexico.TestParser" name="testCaracterBMay" time="0.0" />
  <testcase classname="test.evaluador.Lexico.TestParser" name="testCaracterCMin" time="0.0" />
  <testcase classname="test.evaluador.Lexico.TestParser" name="testCaracterCMay" time="0.0010" />
  <testcase classname="test.evaluador.Lexico.TestParser" name="testCaracterDMin" time="0.0" />
  <testcase classname="test.evaluador.Lexico.TestParser" name="testCaracterDMay" time="0.0" />
  <testcase classname="test.evaluador.Lexico.TestParser" name="testCaracterEMin" time="0.0" />
  <testcase classname="test.evaluador.Lexico.TestParser" name="testCaracterEMay" time="0.0" />
  <testcase classname="test.evaluador.Lexico.TestParser" name="testCaracterFMin" time="0.0" />
  <testcase classname="test.evaluador.Lexico.TestParser" name="testCaracterFMay" time="0.0" />
  <testcase classname="test.evaluador.Lexico.TestParser" name="testCaracterGMin" time="0.0" />
  <testcase classname="test.evaluador.Lexico.TestParser" name="testCaracterGMay" time="0.0" />
  <testcase classname="test.evaluador.Lexico.TestParser" name="testCaracterHMin" time="0.0" />
  <testcase classname="test.evaluador.Lexico.TestParser" name="testCaracterHMay" time="0.0" />
  <testcase classname="test.evaluador.Lexico.TestParser" name="testCaracterIMin" time="0.0" />
  <testcase classname="test.evaluador.Lexico.TestParser" name="testCaracterIMay" time="0.0" />
  <testcase classname="test.evaluador.Lexico.TestParser" name="testCaracterJMin" time="0.0" />
  <testcase classname="test.evaluador.Lexico.TestParser" name="testCaracterJMay" time="0.0" />
  <testcase classname="test.evaluador.Lexico.TestParser" name="testCaracterKMin" time="0.0" />
  <testcase classname="test.evaluador.Lexico.TestParser" name="testCaracterKMay" time="0.0" />
  <testcase classname="test.evaluador.Lexico.TestParser" name="testCaracterLMin" time="0.0" />
  <testcase classname="test.evaluador.Lexico.TestParser" name="testCaracterLMay" time="0.0" />
  <testcase classname="test.evaluador.Lexico.TestParser" name="testCaracterMMin" time="0.0" />
  <testcase classname="test.evaluador.Lexico.TestParser" name="testCaracterMMay" time="0.0" />
  <testcase classname="test.evaluador.Lexico.TestParser" name="testCaracternMin" time="0.0" />
  <testcase classname="test.evaluador.Lexico.TestParser" name="testCaracternMay" time="0.0">
    <failure message="Probando — expected:&lt;20&gt; but was:&lt;5&gt;" type="junit.framework.AssertionFailedError">junit.framework.AssertionFailedError: Probando — expected:&lt;20&gt; but was:&lt;5&gt;
	at test.evaluador.Lexico.TestParser.testCaracternMay(Unknown Source)
</failure>
  </testcase>
  <testcase classname="test.evaluador.Lexico.TestParser" name="testCaracterOMin" time="0.0" />
  <testcase classname="test.evaluador.Lexico.TestParser" name="testCaracterOMay" time="0.0" />
  <testcase classname="test.evaluador.Lexico.TestParser" name="testCaracterPMin" time="0.0" />
  <testcase classname="test.evaluador.Lexico.TestParser" name="testCaracterPMay" time="0.0010" />
  <testcase classname="test.evaluador.Lexico.TestParser" name="testCaracterQMin" time="0.0" />
  <testcase classname="test.evaluador.Lexico.TestParser" name="testCaracterQMay" time="0.0" />
  <testcase classname="test.evaluador.Lexico.TestParser" name="testCaracterRMay" time="0.0" />
  <testcase classname="test.evaluador.Lexico.TestParser" name="testCaracterRMin" time="0.0" />
  <testcase classname="test.evaluador.Lexico.TestParser" name="testCaracterSMay" time="0.0" />
  <testcase classname="test.evaluador.Lexico.TestParser" name="testCaracterSMin" time="0.0" />
  <testcase classname="test.evaluador.Lexico.TestParser" name="testCaracterTMay" time="0.0" />
  <testcase classname="test.evaluador.Lexico.TestParser" name="testCaracterTMin" time="0.0" />
  <testcase classname="test.evaluador.Lexico.TestParser" name="testCaracterUMay" time="0.0" />
  <testcase classname="test.evaluador.Lexico.TestParser" name="testCaracterUMin" time="0.0" />
  <testcase classname="test.evaluador.Lexico.TestParser" name="testCaracterVMay" time="0.0" />
  <testcase classname="test.evaluador.Lexico.TestParser" name="testCaracterVMin" time="0.0" />
  <testcase classname="test.evaluador.Lexico.TestParser" name="testCaracterXMay" time="0.0" />
  <testcase classname="test.evaluador.Lexico.TestParser" name="testCaracterXMin" time="0.0" />
  <testcase classname="test.evaluador.Lexico.TestParser" name="testCaracterYMay" time="0.0" />
  <testcase classname="test.evaluador.Lexico.TestParser" name="testCaracterYMin" time="0.0" />
  <testcase classname="test.evaluador.Lexico.TestParser" name="testCaracterZMay" time="0.0" />
  <testcase classname="test.evaluador.Lexico.TestParser" name="testCaracterZMin" time="0.0" />
  <testcase classname="test.evaluador.Lexico.TestParser" name="testCaracter0" time="0.0" />
  <testcase classname="test.evaluador.Lexico.TestParser" name="testCaracter1" time="0.0" />
  <testcase classname="test.evaluador.Lexico.TestParser" name="testCaracter2" time="0.0" />
  <testcase classname="test.evaluador.Lexico.TestParser" name="testCaracter3" time="0.0" />
  <testcase classname="test.evaluador.Lexico.TestParser" name="testCaracter4" time="0.0" />
  <testcase classname="test.evaluador.Lexico.TestParser" name="testCaracter5" time="0.0" />
  <testcase classname="test.evaluador.Lexico.TestParser" name="testCaracter6" time="0.0" />
  <testcase classname="test.evaluador.Lexico.TestParser" name="testCaracter7" time="0.0" />
  <testcase classname="test.evaluador.Lexico.TestParser" name="testCaracter8" time="0.0" />
  <testcase classname="test.evaluador.Lexico.TestParser" name="testCaracter9" time="0.0" />
  <testcase classname="test.evaluador.Lexico.TestParser" name="testCaracterAbreParentesis" time="0.0" />
  <testcase classname="test.evaluador.Lexico.TestParser" name="testCaracterCierraParentesis" time="0.0" />
  <testcase classname="test.evaluador.Lexico.TestParser" name="testCaracterSuma" time="0.0010">
    <failure message="Probando + expected:&lt;13&gt; but was:&lt;8&gt;" type="junit.framework.AssertionFailedError">junit.framework.AssertionFailedError: Probando + expected:&lt;13&gt; but was:&lt;8&gt;
	at test.evaluador.Lexico.TestParser.testCaracterSuma(Unknown Source)
</failure>
  </testcase>
  <testcase classname="test.evaluador.Lexico.TestParser" name="testCaracterResta" time="0.0" />
  <testcase classname="test.evaluador.Lexico.TestParser" name="testCaracterAsterisco" time="0.0" />
  <testcase classname="test.evaluador.Lexico.TestParser" name="testCaracterSlash" time="0.0" />
  <testcase classname="test.evaluador.Lexico.TestParser" name="testCaracterModulo" time="0.0" />
  <testcase classname="test.evaluador.Lexico.TestParser" name="testCaracterCircunflejo" time="0.0" />
  <testcase classname="test.evaluador.Lexico.TestParser" name="testCaracterCierraExclamacion" time="0.0" />
  <testcase classname="test.evaluador.Lexico.TestParser" name="testCaracterIgual" time="0.0" />
  <testcase classname="test.evaluador.Lexico.TestParser" name="testCaracterPunto" time="0.0" />
  <testcase classname="test.evaluador.Lexico.TestParser" name="testCaracterPuntoYComa" time="0.0" />
  <testcase classname="test.evaluador.Lexico.TestParser" name="testCaracterBarraN" time="0.0" />
  <testcase classname="test.evaluador.Lexico.TestParser" name="testCaracterBarraT" time="0.0" />
  <testcase classname="test.evaluador.Lexico.TestParser" name="testCaracterBarraR" time="0.0" />
  <testcase classname="test.evaluador.Lexico.TestParser" name="testCaracterEspacio" time="0.0" />
  <testcase classname="test.evaluador.Lexico.TestParser" name="testENTERO" time="0.0" />
  <testcase classname="test.evaluador.Lexico.TestParser" name="testMaxENTERO" time="0.0" />
  <testcase classname="test.evaluador.Lexico.TestParser" name="testMinENTERO" time="0.0">
    <failure message="Probando -2147483648 expected:&lt;14&gt; but was:&lt;1&gt;" type="junit.framework.AssertionFailedError">junit.framework.AssertionFailedError: Probando -2147483648 expected:&lt;14&gt; but was:&lt;1&gt;
	at test.evaluador.Lexico.TestParser.testMinENTERO(Unknown Source)
</failure>
  </testcase>
  <testcase classname="test.evaluador.Lexico.TestParser" name="testIncorrectoCaracterIso1" time="0.0" />
  <testcase classname="test.evaluador.Lexico.TestParser" name="testIncorrectoCaracterIso2" time="0.0" />
  <testcase classname="test.evaluador.Lexico.TestParser" name="testIncorrectoCaracterIso3" time="0.0" />
  <testcase classname="test.evaluador.Lexico.TestParser" name="testIncorrectoCaracterIso4" time="0.0" />
  <testcase classname="test.evaluador.Lexico.TestParser" name="testIncorrectoCaracterIso5" time="0.0" />
  <testcase classname="test.evaluador.Lexico.TestParser" name="testIncorrectoCaracterIso6" time="0.0" />
  <testcase classname="test.evaluador.Lexico.TestParser" name="testIncorrectoCaracterIso7" time="0.0" />
  <testcase classname="test.evaluador.Lexico.TestParser" name="testIncorrectoCaracterIso8" time="0.0" />
  <testcase classname="test.evaluador.Lexico.TestParser" name="testIncorrectoCaracterIso9" time="0.0" />
  <testcase classname="test.evaluador.Lexico.TestParser" name="testIncorrectoCaracterIso10" time="0.0" />
  <testcase classname="test.evaluador.Lexico.TestParser" name="testIncorrectoCaracterIso11" time="0.0010" />
  <testcase classname="test.evaluador.Lexico.TestParser" name="testIncorrectoCaracterIso12" time="0.0" />
  <testcase classname="test.evaluador.Lexico.TestParser" name="testIncorrectoCaracterIso13" time="0.0" />
  <testcase classname="test.evaluador.Lexico.TestParser" name="testIncorrectoCaracterIso14" time="0.0" />
  <testcase classname="test.evaluador.Lexico.TestParser" name="testIncorrectoCaracterIso15" time="0.0" />
  <testcase classname="test.evaluador.Lexico.TestParser" name="testIncorrectoCaracterIso16" time="0.0" />
  <testcase classname="test.evaluador.Lexico.TestParser" name="testIncorrectoCaracterIso17" time="0.0" />
  <testcase classname="test.evaluador.Lexico.TestParser" name="testIncorrectoCaracterIso18" time="0.0" />
  <testcase classname="test.evaluador.Lexico.TestParser" name="testIncorrectoCaracterIso19" time="0.0" />
  <testcase classname="test.evaluador.Lexico.TestParser" name="testIncorrectoCaracterIso20" time="0.0" />
  <testcase classname="test.evaluador.Lexico.TestParser" name="testIncorrectoCaracterIso21" time="0.0" />
  <testcase classname="test.evaluador.Lexico.TestParser" name="testIncorrectoCaracterIso22" time="0.0" />
  <testcase classname="test.evaluador.Lexico.TestParser" name="testIncorrectoCaracterIso23" time="0.0" />
  <testcase classname="test.evaluador.Lexico.TestParser" name="testIncorrectoCaracterIso24" time="0.0" />
  <testcase classname="test.evaluador.Lexico.TestParser" name="testIncorrectoCaracterIso25" time="0.0" />
  <testcase classname="test.evaluador.Lexico.TestParser" name="testIncorrectoCaracterIso26" time="0.0010">
    <failure message="Probando ß expected:&lt;5&gt; but was:&lt;20&gt;" type="junit.framework.AssertionFailedError">junit.framework.AssertionFailedError: Probando ß expected:&lt;5&gt; but was:&lt;20&gt;
	at test.evaluador.Lexico.TestParser.testIncorrectoCaracterIso26(Unknown Source)
</failure>
  </testcase>
  <testcase classname="test.evaluador.Lexico.TestParser" name="testIncorrectoCaracterIso27" time="0.0" />
  <testcase classname="test.evaluador.Lexico.TestParser" name="testIncorrectoCaracterIso28" time="0.0" />
  <testcase classname="test.evaluador.Lexico.TestParser" name="testIncorrectoCaracterIso29" time="0.0" />
  <testcase classname="test.evaluador.Lexico.TestParser" name="testIncorrectoCaracterIso30" time="0.0" />
  <testcase classname="test.evaluador.Lexico.TestParser" name="testIncorrectoCaracterIso31" time="0.0" />
  <testcase classname="test.evaluador.Lexico.TestParser" name="testIncorrectoCaracterIso32" time="0.0">
    <failure message="Probando - expected:&lt;14&gt; but was:&lt;20&gt;" type="junit.framework.AssertionFailedError">junit.framework.AssertionFailedError: Probando - expected:&lt;14&gt; but was:&lt;20&gt;
	at test.evaluador.Lexico.TestParser.testIncorrectoCaracterIso32(Unknown Source)
</failure>
  </testcase>
  <testcase classname="test.evaluador.Lexico.TestParser" name="testIncorrectoCaracterIso33" time="0.0010">
    <failure message="Probando Æ expected:&lt;5&gt; but was:&lt;20&gt;" type="junit.framework.AssertionFailedError">junit.framework.AssertionFailedError: Probando Æ expected:&lt;5&gt; but was:&lt;20&gt;
	at test.evaluador.Lexico.TestParser.testIncorrectoCaracterIso33(Unknown Source)
</failure>
  </testcase>
  <testcase classname="test.evaluador.Lexico.TestParser" name="testIncorrectoCaracterIso34" time="0.0">
    <failure message="Probando Ø expected:&lt;5&gt; but was:&lt;20&gt;" type="junit.framework.AssertionFailedError">junit.framework.AssertionFailedError: Probando Ø expected:&lt;5&gt; but was:&lt;20&gt;
	at test.evaluador.Lexico.TestParser.testIncorrectoCaracterIso34(Unknown Source)
</failure>
  </testcase>
  <testcase classname="test.evaluador.Lexico.TestParser" name="testIncorrectoCaracterIso35" time="0.0" />
  <testcase classname="test.evaluador.Lexico.TestParser" name="testIncorrectoCaracterIso36" time="0.0" />
  <testcase classname="test.evaluador.Lexico.TestParser" name="testIncorrectoCaracterIso37" time="0.0" />
  <testcase classname="test.evaluador.Lexico.TestParser" name="testIncorrectoCaracterIso38" time="0.0" />
  <testcase classname="test.evaluador.Lexico.TestParser" name="testIncorrectoCaracterIso39" time="0.0" />
  <testcase classname="test.evaluador.Lexico.TestParser" name="testIncorrectoCaracterIso40" time="0.0010">
    <failure message="Probando µ expected:&lt;5&gt; but was:&lt;20&gt;" type="junit.framework.AssertionFailedError">junit.framework.AssertionFailedError: Probando µ expected:&lt;5&gt; but was:&lt;20&gt;
	at test.evaluador.Lexico.TestParser.testIncorrectoCaracterIso40(Unknown Source)
</failure>
  </testcase>
  <testcase classname="test.evaluador.Lexico.TestParser" name="testIncorrectoCaracterIso41" time="0.0" />
  <testcase classname="test.evaluador.Lexico.TestParser" name="testIncorrectoCaracterIso42" time="0.0" />
  <testcase classname="test.evaluador.Lexico.TestParser" name="testIncorrectoCaracterIso43" time="0.0" />
  <testcase classname="test.evaluador.Lexico.TestParser" name="testIncorrectoCaracterIso44" time="0.0" />
  <testcase classname="test.evaluador.Lexico.TestParser" name="testIncorrectoCaracterIso45" time="0.0">
    <failure message="Probando π expected:&lt;5&gt; but was:&lt;20&gt;" type="junit.framework.AssertionFailedError">junit.framework.AssertionFailedError: Probando π expected:&lt;5&gt; but was:&lt;20&gt;
	at test.evaluador.Lexico.TestParser.testIncorrectoCaracterIso45(Unknown Source)
</failure>
  </testcase>
  <testcase classname="test.evaluador.Lexico.TestParser" name="testIncorrectoCaracterIso46" time="0.0" />
  <testcase classname="test.evaluador.Lexico.TestParser" name="testIncorrectoCaracterIso47" time="0.0010">
    <failure message="Probando ª expected:&lt;5&gt; but was:&lt;20&gt;" type="junit.framework.AssertionFailedError">junit.framework.AssertionFailedError: Probando ª expected:&lt;5&gt; but was:&lt;20&gt;
	at test.evaluador.Lexico.TestParser.testIncorrectoCaracterIso47(Unknown Source)
</failure>
  </testcase>
  <testcase classname="test.evaluador.Lexico.TestParser" name="testIncorrectoCaracterIso48" time="0.0010">
    <failure message="Probando º expected:&lt;5&gt; but was:&lt;20&gt;" type="junit.framework.AssertionFailedError">junit.framework.AssertionFailedError: Probando º expected:&lt;5&gt; but was:&lt;20&gt;
	at test.evaluador.Lexico.TestParser.testIncorrectoCaracterIso48(Unknown Source)
</failure>
  </testcase>
  <testcase classname="test.evaluador.Lexico.TestParser" name="testIncorrectoCaracterIso49" time="0.0010">
    <failure message="Probando Ω expected:&lt;5&gt; but was:&lt;20&gt;" type="junit.framework.AssertionFailedError">junit.framework.AssertionFailedError: Probando Ω expected:&lt;5&gt; but was:&lt;20&gt;
	at test.evaluador.Lexico.TestParser.testIncorrectoCaracterIso49(Unknown Source)
</failure>
  </testcase>
  <testcase classname="test.evaluador.Lexico.TestParser" name="testIncorrectoCaracterIso50" time="0.0010">
    <failure message="Probando æ expected:&lt;5&gt; but was:&lt;20&gt;" type="junit.framework.AssertionFailedError">junit.framework.AssertionFailedError: Probando æ expected:&lt;5&gt; but was:&lt;20&gt;
	at test.evaluador.Lexico.TestParser.testIncorrectoCaracterIso50(Unknown Source)
</failure>
  </testcase>
  <testcase classname="test.evaluador.Lexico.TestParser" name="testIncorrectoCorcheteAbierto" time="0.0010">
    <failure message="Probando ø expected:&lt;5&gt; but was:&lt;20&gt;" type="junit.framework.AssertionFailedError">junit.framework.AssertionFailedError: Probando ø expected:&lt;5&gt; but was:&lt;20&gt;
	at test.evaluador.Lexico.TestParser.testIncorrectoCorcheteAbierto(Unknown Source)
</failure>
  </testcase>
  <testcase classname="test.evaluador.Lexico.TestParser" name="testIncorrectoCaracterIso52" time="0.0" />
  <testcase classname="test.evaluador.Lexico.TestParser" name="testIncorrectoCaracterIso53" time="0.0" />
  <testcase classname="test.evaluador.Lexico.TestParser" name="testIncorrectoCaracterIso54" time="0.0" />
  <testcase classname="test.evaluador.Lexico.TestParser" name="testIncorrectoCaracterIso55" time="0.0" />
  <testcase classname="test.evaluador.Lexico.TestParser" name="testIncorrectoCaracterIso56" time="0.0">
    <failure message="Probando ƒ expected:&lt;5&gt; but was:&lt;20&gt;" type="junit.framework.AssertionFailedError">junit.framework.AssertionFailedError: Probando ƒ expected:&lt;5&gt; but was:&lt;20&gt;
	at test.evaluador.Lexico.TestParser.testIncorrectoCaracterIso56(Unknown Source)
</failure>
  </testcase>
  <testcase classname="test.evaluador.Lexico.TestParser" name="testIncorrectoCaracterIso57" time="0.0" />
  <testcase classname="test.evaluador.Lexico.TestParser" name="testIncorrectoCaracterIso58" time="0.0" />
  <testcase classname="test.evaluador.Lexico.TestParser" name="testIncorrectoCaracterIso59" time="0.0" />
  <testcase classname="test.evaluador.Lexico.TestParser" name="testIncorrectoCaracterIso60" time="0.0" />
  <testcase classname="test.evaluador.Lexico.TestParser" name="testIncorrectoCaracterIso61" time="0.0" />
  <testcase classname="test.evaluador.Lexico.TestParser" name="testIncorrectoCaracterIso62" time="0.0" />
  <testcase classname="test.evaluador.Lexico.TestParser" name="testIncorrectoCaracterIso63" time="0.0010">
    <failure message="Probando À expected:&lt;5&gt; but was:&lt;20&gt;" type="junit.framework.AssertionFailedError">junit.framework.AssertionFailedError: Probando À expected:&lt;5&gt; but was:&lt;20&gt;
	at test.evaluador.Lexico.TestParser.testIncorrectoCaracterIso63(Unknown Source)
</failure>
  </testcase>
  <testcase classname="test.evaluador.Lexico.TestParser" name="testIncorrectoCaracterIso64" time="0.0">
    <failure message="Probando Ã expected:&lt;5&gt; but was:&lt;20&gt;" type="junit.framework.AssertionFailedError">junit.framework.AssertionFailedError: Probando Ã expected:&lt;5&gt; but was:&lt;20&gt;
	at test.evaluador.Lexico.TestParser.testIncorrectoCaracterIso64(Unknown Source)
</failure>
  </testcase>
  <testcase classname="test.evaluador.Lexico.TestParser" name="testIncorrectoCaracterIso65" time="0.0">
    <failure message="Probando Õ expected:&lt;5&gt; but was:&lt;20&gt;" type="junit.framework.AssertionFailedError">junit.framework.AssertionFailedError: Probando Õ expected:&lt;5&gt; but was:&lt;20&gt;
	at test.evaluador.Lexico.TestParser.testIncorrectoCaracterIso65(Unknown Source)
</failure>
  </testcase>
  <testcase classname="test.evaluador.Lexico.TestParser" name="testIncorrectoCaracterIso66" time="0.0010">
    <failure message="Probando Œ expected:&lt;5&gt; but was:&lt;20&gt;" type="junit.framework.AssertionFailedError">junit.framework.AssertionFailedError: Probando Œ expected:&lt;5&gt; but was:&lt;20&gt;
	at test.evaluador.Lexico.TestParser.testIncorrectoCaracterIso66(Unknown Source)
</failure>
  </testcase>
  <testcase classname="test.evaluador.Lexico.TestParser" name="testIncorrectoCaracterIso67" time="0.0">
    <failure message="Probando œ expected:&lt;5&gt; but was:&lt;20&gt;" type="junit.framework.AssertionFailedError">junit.framework.AssertionFailedError: Probando œ expected:&lt;5&gt; but was:&lt;20&gt;
	at test.evaluador.Lexico.TestParser.testIncorrectoCaracterIso67(Unknown Source)
</failure>
  </testcase>
  <testcase classname="test.evaluador.Lexico.TestParser" name="testIncorrectoCaracterIso68" time="0.0" />
  <testcase classname="test.evaluador.Lexico.TestParser" name="testIncorrectoCaracterIso69" time="0.0" />
  <testcase classname="test.evaluador.Lexico.TestParser" name="testIncorrectoCaracterIso70" time="0.0010" />
  <testcase classname="test.evaluador.Lexico.TestParser" name="testIncorrectoCaracterIso71" time="0.0" />
  <testcase classname="test.evaluador.Lexico.TestParser" name="testIncorrectoCaracterIso72" time="0.0" />
  <testcase classname="test.evaluador.Lexico.TestParser" name="testIncorrectoCaracterIso73" time="0.0" />
  <testcase classname="test.evaluador.Lexico.TestParser" name="testIncorrectoCaracterIso74" time="0.0" />
  <testcase classname="test.evaluador.Lexico.TestParser" name="testIncorrectoCaracterIso75multiplicacion" time="0.0010" />
  <testcase classname="test.evaluador.Lexico.TestParser" name="testIncorrectoCaracterIso76" time="0.0010">
    <failure message="Probando ÿ expected:&lt;5&gt; but was:&lt;20&gt;" type="junit.framework.AssertionFailedError">junit.framework.AssertionFailedError: Probando ÿ expected:&lt;5&gt; but was:&lt;20&gt;
	at test.evaluador.Lexico.TestParser.testIncorrectoCaracterIso76(Unknown Source)
</failure>
  </testcase>
  <testcase classname="test.evaluador.Lexico.TestParser" name="testIncorrectoCaracterIso77" time="0.0010">
    <failure message="Probando Ÿ expected:&lt;5&gt; but was:&lt;20&gt;" type="junit.framework.AssertionFailedError">junit.framework.AssertionFailedError: Probando Ÿ expected:&lt;5&gt; but was:&lt;20&gt;
	at test.evaluador.Lexico.TestParser.testIncorrectoCaracterIso77(Unknown Source)
</failure>
  </testcase>
  <testcase classname="test.evaluador.Lexico.TestParser" name="testIncorrectoCaracterIso78" time="0.0" />
  <testcase classname="test.evaluador.Lexico.TestParser" name="testIncorrectoCaracterIso79" time="0.0" />
  <testcase classname="test.evaluador.Lexico.TestParser" name="testIncorrectoCaracterIso80" time="0.0010" />
  <testcase classname="test.evaluador.Lexico.TestParser" name="testIncorrectoCaracterIso81" time="0.0" />
  <testcase classname="test.evaluador.Lexico.TestParser" name="testIncorrectoCaracterIso82" time="0.0010">
    <failure message="Probando ﬁ expected:&lt;5&gt; but was:&lt;20&gt;" type="junit.framework.AssertionFailedError">junit.framework.AssertionFailedError: Probando ﬁ expected:&lt;5&gt; but was:&lt;20&gt;
	at test.evaluador.Lexico.TestParser.testIncorrectoCaracterIso82(Unknown Source)
</failure>
  </testcase>
  <testcase classname="test.evaluador.Lexico.TestParser" name="testIncorrectoCaracterIso83" time="0.0">
    <failure message="Probando ﬂ expected:&lt;5&gt; but was:&lt;20&gt;" type="junit.framework.AssertionFailedError">junit.framework.AssertionFailedError: Probando ﬂ expected:&lt;5&gt; but was:&lt;20&gt;
	at test.evaluador.Lexico.TestParser.testIncorrectoCaracterIso83(Unknown Source)
</failure>
  </testcase>
  <testcase classname="test.evaluador.Lexico.TestParser" name="testIncorrectoCaracterIso84" time="0.0" />
  <testcase classname="test.evaluador.Lexico.TestParser" name="testIncorrectoCaracterIso85" time="0.0" />
  <testcase classname="test.evaluador.Lexico.TestParser" name="testIncorrectoCaracterIso87" time="0.0" />
  <testcase classname="test.evaluador.Lexico.TestParser" name="testIncorrectoCaracterIso88" time="0.0" />
  <testcase classname="test.evaluador.Lexico.TestParser" name="testIncorrectoCaracterIso89" time="0.0" />
  <testcase classname="test.evaluador.Lexico.TestParser" name="testIncorrectoCaracterIso90" time="0.0">
    <failure message="Probando Â expected:&lt;5&gt; but was:&lt;20&gt;" type="junit.framework.AssertionFailedError">junit.framework.AssertionFailedError: Probando Â expected:&lt;5&gt; but was:&lt;20&gt;
	at test.evaluador.Lexico.TestParser.testIncorrectoCaracterIso90(Unknown Source)
</failure>
  </testcase>
  <testcase classname="test.evaluador.Lexico.TestParser" name="testIncorrectoCaracterIso91" time="0.0">
    <failure message="Probando Ê expected:&lt;5&gt; but was:&lt;20&gt;" type="junit.framework.AssertionFailedError">junit.framework.AssertionFailedError: Probando Ê expected:&lt;5&gt; but was:&lt;20&gt;
	at test.evaluador.Lexico.TestParser.testIncorrectoCaracterIso91(Unknown Source)
</failure>
  </testcase>
  <testcase classname="test.evaluador.Lexico.TestParser" name="testIncorrectoCaracterIso92" time="0.0">
    <failure message="Probando Á expected:&lt;5&gt; but was:&lt;20&gt;" type="junit.framework.AssertionFailedError">junit.framework.AssertionFailedError: Probando Á expected:&lt;5&gt; but was:&lt;20&gt;
	at test.evaluador.Lexico.TestParser.testIncorrectoCaracterIso92(Unknown Source)
</failure>
  </testcase>
  <testcase classname="test.evaluador.Lexico.TestParser" name="testIncorrectoCaracterIso93" time="0.0010">
    <failure message="Probando Ë expected:&lt;5&gt; but was:&lt;20&gt;" type="junit.framework.AssertionFailedError">junit.framework.AssertionFailedError: Probando Ë expected:&lt;5&gt; but was:&lt;20&gt;
	at test.evaluador.Lexico.TestParser.testIncorrectoCaracterIso93(Unknown Source)
</failure>
  </testcase>
  <testcase classname="test.evaluador.Lexico.TestParser" name="testIncorrectoCaracterIso94" time="0.0">
    <failure message="Probando È expected:&lt;5&gt; but was:&lt;20&gt;" type="junit.framework.AssertionFailedError">junit.framework.AssertionFailedError: Probando È expected:&lt;5&gt; but was:&lt;20&gt;
	at test.evaluador.Lexico.TestParser.testIncorrectoCaracterIso94(Unknown Source)
</failure>
  </testcase>
  <testcase classname="test.evaluador.Lexico.TestParser" name="testIncorrectoCaracterIso95" time="0.0010">
    <failure message="Probando Í expected:&lt;5&gt; but was:&lt;20&gt;" type="junit.framework.AssertionFailedError">junit.framework.AssertionFailedError: Probando Í expected:&lt;5&gt; but was:&lt;20&gt;
	at test.evaluador.Lexico.TestParser.testIncorrectoCaracterIso95(Unknown Source)
</failure>
  </testcase>
  <testcase classname="test.evaluador.Lexico.TestParser" name="testIncorrectoCaracterIso96" time="0.0">
    <failure message="Probando Î expected:&lt;5&gt; but was:&lt;20&gt;" type="junit.framework.AssertionFailedError">junit.framework.AssertionFailedError: Probando Î expected:&lt;5&gt; but was:&lt;20&gt;
	at test.evaluador.Lexico.TestParser.testIncorrectoCaracterIso96(Unknown Source)
</failure>
  </testcase>
  <testcase classname="test.evaluador.Lexico.TestParser" name="testIncorrectoCaracterIso97" time="0.0010">
    <failure message="Probando Ï expected:&lt;5&gt; but was:&lt;20&gt;" type="junit.framework.AssertionFailedError">junit.framework.AssertionFailedError: Probando Ï expected:&lt;5&gt; but was:&lt;20&gt;
	at test.evaluador.Lexico.TestParser.testIncorrectoCaracterIso97(Unknown Source)
</failure>
  </testcase>
  <testcase classname="test.evaluador.Lexico.TestParser" name="testIncorrectoCaracterIso98" time="0.0">
    <failure message="Probando Ì expected:&lt;5&gt; but was:&lt;20&gt;" type="junit.framework.AssertionFailedError">junit.framework.AssertionFailedError: Probando Ì expected:&lt;5&gt; but was:&lt;20&gt;
	at test.evaluador.Lexico.TestParser.testIncorrectoCaracterIso98(Unknown Source)
</failure>
  </testcase>
  <testcase classname="test.evaluador.Lexico.TestParser" name="testIncorrectoCaracterIso99" time="0.0010">
    <failure message="Probando Ó expected:&lt;5&gt; but was:&lt;20&gt;" type="junit.framework.AssertionFailedError">junit.framework.AssertionFailedError: Probando Ó expected:&lt;5&gt; but was:&lt;20&gt;
	at test.evaluador.Lexico.TestParser.testIncorrectoCaracterIso99(Unknown Source)
</failure>
  </testcase>
  <testcase classname="test.evaluador.Lexico.TestParser" name="testIncorrectoCaracterIso100" time="0.0">
    <failure message="Probando Ô expected:&lt;5&gt; but was:&lt;20&gt;" type="junit.framework.AssertionFailedError">junit.framework.AssertionFailedError: Probando Ô expected:&lt;5&gt; but was:&lt;20&gt;
	at test.evaluador.Lexico.TestParser.testIncorrectoCaracterIso100(Unknown Source)
</failure>
  </testcase>
  <testcase classname="test.evaluador.Lexico.TestParser" name="testIncorrectoCaracterIso101" time="0.0" />
  <testcase classname="test.evaluador.Lexico.TestParser" name="testIncorrectoCaracterIso102" time="0.0">
    <failure message="Probando Ò expected:&lt;5&gt; but was:&lt;20&gt;" type="junit.framework.AssertionFailedError">junit.framework.AssertionFailedError: Probando Ò expected:&lt;5&gt; but was:&lt;20&gt;
	at test.evaluador.Lexico.TestParser.testIncorrectoCaracterIso102(Unknown Source)
</failure>
  </testcase>
  <testcase classname="test.evaluador.Lexico.TestParser" name="testIncorrectoCaracterIso103" time="0.0010">
    <failure message="Probando Ú expected:&lt;5&gt; but was:&lt;20&gt;" type="junit.framework.AssertionFailedError">junit.framework.AssertionFailedError: Probando Ú expected:&lt;5&gt; but was:&lt;20&gt;
	at test.evaluador.Lexico.TestParser.testIncorrectoCaracterIso103(Unknown Source)
</failure>
  </testcase>
  <testcase classname="test.evaluador.Lexico.TestParser" name="testIncorrectoCaracterIso104" time="0.0010">
    <failure message="Probando Û expected:&lt;5&gt; but was:&lt;20&gt;" type="junit.framework.AssertionFailedError">junit.framework.AssertionFailedError: Probando Û expected:&lt;5&gt; but was:&lt;20&gt;
	at test.evaluador.Lexico.TestParser.testIncorrectoCaracterIso104(Unknown Source)
</failure>
  </testcase>
  <testcase classname="test.evaluador.Lexico.TestParser" name="testIncorrectoCaracterIso105" time="0.0">
    <failure message="Probando Ù expected:&lt;5&gt; but was:&lt;20&gt;" type="junit.framework.AssertionFailedError">junit.framework.AssertionFailedError: Probando Ù expected:&lt;5&gt; but was:&lt;20&gt;
	at test.evaluador.Lexico.TestParser.testIncorrectoCaracterIso105(Unknown Source)
</failure>
  </testcase>
  <testcase classname="test.evaluador.Lexico.TestParser" name="testIncorrectoCaracterIso106" time="0.0">
    <failure message="Probando ı expected:&lt;5&gt; but was:&lt;20&gt;" type="junit.framework.AssertionFailedError">junit.framework.AssertionFailedError: Probando ı expected:&lt;5&gt; but was:&lt;20&gt;
	at test.evaluador.Lexico.TestParser.testIncorrectoCaracterIso106(Unknown Source)
</failure>
  </testcase>
  <testcase classname="test.evaluador.Lexico.TestParser" name="testIncorrectoCaracterIso107" time="0.0010">
    <failure message="Probando ˆ expected:&lt;5&gt; but was:&lt;20&gt;" type="junit.framework.AssertionFailedError">junit.framework.AssertionFailedError: Probando ˆ expected:&lt;5&gt; but was:&lt;20&gt;
	at test.evaluador.Lexico.TestParser.testIncorrectoCaracterIso107(Unknown Source)
</failure>
  </testcase>
  <testcase classname="test.evaluador.Lexico.TestParser" name="testIncorrectoCaracterIso108" time="0.0" />
  <testcase classname="test.evaluador.Lexico.TestParser" name="testIncorrectoCaracterIso109" time="0.0" />
  <testcase classname="test.evaluador.Lexico.TestParser" name="testIncorrectoCaracterIso110" time="0.0" />
  <testcase classname="test.evaluador.Lexico.TestParser" name="testIncorrectoCaracterIso112" time="0.0" />
  <testcase classname="test.evaluador.Lexico.TestParser" name="testIncorrectoCaracterIso113" time="0.0" />
  <testcase classname="test.evaluador.Lexico.TestParser" name="testIncorrectoCaracterIso114" time="0.0" />
  <testcase classname="test.evaluador.Lexico.TestParser" name="testIncorrectoCaracterIso115" time="0.0" />
  <testcase classname="test.evaluador.Lexico.TestParser" name="testIncorrectoCaracterIso116" time="0.0" />
  <testcase classname="test.evaluador.Lexico.TestParser" name="testIncorrectoCaracterIso117" time="0.0">
    <failure message="Probando ˇ expected:&lt;5&gt; but was:&lt;20&gt;" type="junit.framework.AssertionFailedError">junit.framework.AssertionFailedError: Probando ˇ expected:&lt;5&gt; but was:&lt;20&gt;
	at test.evaluador.Lexico.TestParser.testIncorrectoCaracterIso117(Unknown Source)
</failure>
  </testcase>
  <system-out><![CDATA[]]></system-out>
  <system-err><![CDATA[]]></system-err>
</testsuite>
