<?xml version="1.0" encoding="UTF-8" ?>
<testsuite errors="0" failures="2" hostname="new-host-3.home" name="test.evaluador.Sintaxis.TestEval" tests="49" time="0.061" timestamp="2012-06-05T20:07:40">
  <properties>
[...]
</properties>
  <testcase classname="test.evaluador.Sintaxis.TestEval" name="testSumaEnterosDaUnEntero" time="0.0080" />
  <testcase classname="test.evaluador.Sintaxis.TestEval" name="testSumaEnteros" time="0.0010" />
  <testcase classname="test.evaluador.Sintaxis.TestEval" name="testRestaEnterosDaUnEntero" time="0.0" />
  <testcase classname="test.evaluador.Sintaxis.TestEval" name="testRestaEnteros" time="0.0010" />
  <testcase classname="test.evaluador.Sintaxis.TestEval" name="testMultiplicaEnterosDaUnEntero" time="0.0" />
  <testcase classname="test.evaluador.Sintaxis.TestEval" name="testMultiplicaEnteros" time="0.0" />
  <testcase classname="test.evaluador.Sintaxis.TestEval" name="testDivideEnterosDaUnEntero" time="0.0" />
  <testcase classname="test.evaluador.Sintaxis.TestEval" name="testDivideEnteros" time="0.0" />
  <testcase classname="test.evaluador.Sintaxis.TestEval" name="testModuloEnterosDaUnEntero" time="0.0010" />
  <testcase classname="test.evaluador.Sintaxis.TestEval" name="testModuloEnteros" time="0.0" />
  <testcase classname="test.evaluador.Sintaxis.TestEval" name="testSumaRealesDaUnReal" time="0.0010" />
  <testcase classname="test.evaluador.Sintaxis.TestEval" name="testSumaReales" time="0.0" />
  <testcase classname="test.evaluador.Sintaxis.TestEval" name="testRestaRealesDaUnReal" time="0.0" />
  <testcase classname="test.evaluador.Sintaxis.TestEval" name="testRestaReales" time="0.0" />
  <testcase classname="test.evaluador.Sintaxis.TestEval" name="testMultiplicaRealesDaUnReal" time="0.0" />
  <testcase classname="test.evaluador.Sintaxis.TestEval" name="testMultiplicaReales" time="0.0" />
  <testcase classname="test.evaluador.Sintaxis.TestEval" name="testDivideRealesDaUnReal" time="0.0010" />
  <testcase classname="test.evaluador.Sintaxis.TestEval" name="testDivideReales" time="0.0" />
  <testcase classname="test.evaluador.Sintaxis.TestEval" name="testExponenciaRealesDaUnReal" time="0.0" />
  <testcase classname="test.evaluador.Sintaxis.TestEval" name="testExponenciaReales" time="0.0010" />
  <testcase classname="test.evaluador.Sintaxis.TestEval" name="testSumaRealMasEnteroDaUnReal" time="0.0" />
  <testcase classname="test.evaluador.Sintaxis.TestEval" name="testSumaRealMasEntero" time="0.0" />
  <testcase classname="test.evaluador.Sintaxis.TestEval" name="testRestaRealYEnteroDaUnReal" time="0.0010" />
  <testcase classname="test.evaluador.Sintaxis.TestEval" name="testRestaRealYEntero" time="0.0" />
  <testcase classname="test.evaluador.Sintaxis.TestEval" name="testMultiplicaRealYEnteroDaUnReal" time="0.0" />
  <testcase classname="test.evaluador.Sintaxis.TestEval" name="testMultiplicaRealYEntero" time="0.0" />
  <testcase classname="test.evaluador.Sintaxis.TestEval" name="testDivideRealYEnteroDaUnReal" time="0.0" />
  <testcase classname="test.evaluador.Sintaxis.TestEval" name="testDivideRealYEntero" time="0.0" />
  <testcase classname="test.evaluador.Sintaxis.TestEval" name="testExponenciaRealYEnteroDaUnReal" time="0.0" />
  <testcase classname="test.evaluador.Sintaxis.TestEval" name="testExponenciaRealYEntero" time="0.0" />
  <testcase classname="test.evaluador.Sintaxis.TestEval" name="testExponenciaEnteroYRealDaUnReal" time="0.0" />
  <testcase classname="test.evaluador.Sintaxis.TestEval" name="testExponenciaEnteroYReal" time="0.0" />
  <testcase classname="test.evaluador.Sintaxis.TestEval" name="testMenosUnarioReal" time="0.0" />
  <testcase classname="test.evaluador.Sintaxis.TestEval" name="testMenosUnarioEntero" time="0.0" />
  <testcase classname="test.evaluador.Sintaxis.TestEval" name="testExclamacionUnarioEntero" time="0.0" />
  <testcase classname="test.evaluador.Sintaxis.TestEval" name="testAgrupaExponentesCorrecto" time="0.0" />
  <testcase classname="test.evaluador.Sintaxis.TestEval" name="testExpresionComplejaTodos" time="0.0010" />
  <testcase classname="test.evaluador.Sintaxis.TestEval" name="testExpresionPrioridadesAlReves" time="0.0" />
  <testcase classname="test.evaluador.Sintaxis.TestEval" name="testEvaluaDosExpresiones" time="0.0010" />
  <testcase classname="test.evaluador.Sintaxis.TestEval" name="testAsignaExpresionReal" time="0.0010" />
  <testcase classname="test.evaluador.Sintaxis.TestEval" name="testAsignaExpresionEntera" time="0.0" />
  <testcase classname="test.evaluador.Sintaxis.TestEval" name="testDevuelveValorVariableEntera" time="0.0010" />
  <testcase classname="test.evaluador.Sintaxis.TestEval" name="testDevuelveValorVariableReal" time="0.0" />
  <testcase classname="test.evaluador.Sintaxis.TestEval" name="testAsignaSinDeclararReal" time="0.0010" />
  <testcase classname="test.evaluador.Sintaxis.TestEval" name="testAsignaSinDeclararEntero" time="0.0" />
  <testcase classname="test.evaluador.Sintaxis.TestEval" name="testDeclaraEnteroYaDeclarado" time="0.0030">
    <failure message="Deja declarar dos veces la misma variable entera x: 3" type="junit.framework.AssertionFailedError">junit.framework.AssertionFailedError: Deja declarar dos veces la misma variable entera x: 3
	at test.evaluador.Sintaxis.TestEval.testDeclaraEnteroYaDeclarado(Unknown Source)
</failure>
  </testcase>
  <testcase classname="test.evaluador.Sintaxis.TestEval" name="testDeclaraRealYaDeclarado" time="0.0">
    <failure message="Deja declarar dos veces la misma variable real x: 3.0" type="junit.framework.AssertionFailedError">junit.framework.AssertionFailedError: Deja declarar dos veces la misma variable real x: 3.0
	at test.evaluador.Sintaxis.TestEval.testDeclaraRealYaDeclarado(Unknown Source)
</failure>
  </testcase>
  <testcase classname="test.evaluador.Sintaxis.TestEval" name="testDeclaraRealNoInicializado" time="0.0" />
  <testcase classname="test.evaluador.Sintaxis.TestEval" name="testDeclaraEnteroNoInicializado" time="0.0" />
  <system-out><![CDATA[]]></system-out>
  <system-err><![CDATA[]]></system-err>
</testsuite>
