<?xml version="1.0" encoding="UTF-8" ?>
<testsuite errors="0" failures="0" hostname="Kaba-PC" name="test.evaluador.Sintaxis.TestEval" tests="2" time="0.11" timestamp="2012-05-27T09:00:31">
  <properties>
[...]
</properties>
  <testcase classname="test.evaluador.Sintaxis.TestEval" name="testSumaEnterosDaUnEntero" time="0.02" />
  <testcase classname="test.evaluador.Sintaxis.TestEval" name="testSumaEnteros" time="0.0" />
  <system-out><![CDATA[]]></system-out>
  <system-err><![CDATA[]]></system-err>
</testsuite>
