<?xml version="1.0" encoding="UTF-8" ?>
<testsuite errors="1" failures="12" hostname="new-host-3.home" name="test.evaluador.Sintaxis.TestAST" tests="92" time="0.221" timestamp="2012-06-05T20:07:39">
  <properties>
[...]
</properties>
  <testcase classname="test.evaluador.Sintaxis.TestAST" name="testASTVacio" time="0.011" />
  <testcase classname="test.evaluador.Sintaxis.TestAST" name="testSumaEnteros" time="0.0030" />
  <testcase classname="test.evaluador.Sintaxis.TestAST" name="testchequeoFaltaOp" time="0.0010" />
  <testcase classname="test.evaluador.Sintaxis.TestAST" name="testchequeoFaltaParentesis" time="0.0010" />
  <testcase classname="test.evaluador.Sintaxis.TestAST" name="testchequeoFaltaParentesisGrupo" time="0.0010" />
  <testcase classname="test.evaluador.Sintaxis.TestAST" name="testsobraParent" time="0.0060">
    <failure message="Se comprueba (()2+6)*5" type="junit.framework.AssertionFailedError">junit.framework.AssertionFailedError: Se comprueba (()2+6)*5
	at test.evaluador.Sintaxis.TestAST.testsobraParent(Unknown Source)
</failure>
  </testcase>
  <testcase classname="test.evaluador.Sintaxis.TestAST" name="testvariosOpSeguidos" time="0.0010" />
  <testcase classname="test.evaluador.Sintaxis.TestAST" name="testsobraOperadorIncremento" time="0.0010" />
  <testcase classname="test.evaluador.Sintaxis.TestAST" name="testfaltanParam" time="0.0010" />
  <testcase classname="test.evaluador.Sintaxis.TestAST" name="testfaltanParamOr" time="0.0" />
  <testcase classname="test.evaluador.Sintaxis.TestAST" name="testParentesisBienColocados" time="0.0" />
  <testcase classname="test.evaluador.Sintaxis.TestAST" name="testParentesisNoOP" time="0.0" />
  <testcase classname="test.evaluador.Sintaxis.TestAST" name="testParentesisComplementarios" time="0.0" />
  <testcase classname="test.evaluador.Sintaxis.TestAST" name="testParentesisComplementariosnoOP" time="0.0" />
  <testcase classname="test.evaluador.Sintaxis.TestAST" name="testParentesisComplementariosnoPar" time="0.0" />
  <testcase classname="test.evaluador.Sintaxis.TestAST" name="testNofinSentencia" time="0.0" />
  <testcase classname="test.evaluador.Sintaxis.TestAST" name="testNofinSentenciaOperador" time="0.0" />
  <testcase classname="test.evaluador.Sintaxis.TestAST" name="testPalabraReservadaIntOp" time="0.0" />
  <testcase classname="test.evaluador.Sintaxis.TestAST" name="testSumaDouble" time="0.0" />
  <testcase classname="test.evaluador.Sintaxis.TestAST" name="testDoublechequeoFaltaOp" time="0.0" />
  <testcase classname="test.evaluador.Sintaxis.TestAST" name="testDoublechequeoFaltaParentesis" time="0.0010" />
  <testcase classname="test.evaluador.Sintaxis.TestAST" name="testDoublechequeoFaltaParentesisGrupo" time="0.0" />
  <testcase classname="test.evaluador.Sintaxis.TestAST" name="testDoublesobraParent" time="0.0010">
    <failure message="Se comprueba (()2.4+6.5)*5.3" type="junit.framework.AssertionFailedError">junit.framework.AssertionFailedError: Se comprueba (()2.4+6.5)*5.3
	at test.evaluador.Sintaxis.TestAST.testDoublesobraParent(Unknown Source)
</failure>
  </testcase>
  <testcase classname="test.evaluador.Sintaxis.TestAST" name="testDoublevariosOpSeguidos" time="0.0" />
  <testcase classname="test.evaluador.Sintaxis.TestAST" name="testDoublesobraOperadorIncremento" time="0.0" />
  <testcase classname="test.evaluador.Sintaxis.TestAST" name="testDoublefaltanParam" time="0.0" />
  <testcase classname="test.evaluador.Sintaxis.TestAST" name="testDoublefaltanParamOr" time="0.0010" />
  <testcase classname="test.evaluador.Sintaxis.TestAST" name="testDoubleParentesisBienColocados" time="0.0" />
  <testcase classname="test.evaluador.Sintaxis.TestAST" name="testDoubleParentesisNoOP" time="0.0" />
  <testcase classname="test.evaluador.Sintaxis.TestAST" name="testDoubleParentesisComplementarios" time="0.0" />
  <testcase classname="test.evaluador.Sintaxis.TestAST" name="testDoubleParentesisComplementariosnoOP" time="0.0" />
  <testcase classname="test.evaluador.Sintaxis.TestAST" name="testDoubleParentesisComplementariosnoPar" time="0.0010" />
  <testcase classname="test.evaluador.Sintaxis.TestAST" name="testDoubleNofinSentencia" time="0.0" />
  <testcase classname="test.evaluador.Sintaxis.TestAST" name="testDoubleNofinSentenciaOperador" time="0.0" />
  <testcase classname="test.evaluador.Sintaxis.TestAST" name="testDoublePalabraReservadaIntOp" time="0.0" />
  <testcase classname="test.evaluador.Sintaxis.TestAST" name="testDoublePuntoDoubleSobra" time="0.0" />
  <testcase classname="test.evaluador.Sintaxis.TestAST" name="testSumaIntyDouble" time="0.0" />
  <testcase classname="test.evaluador.Sintaxis.TestAST" name="testDoubleSobraDecimal" time="0.0" />
  <testcase classname="test.evaluador.Sintaxis.TestAST" name="testDoubleFaltaDecimal" time="0.0" />
  <testcase classname="test.evaluador.Sintaxis.TestAST" name="testDoubleFaltaEntero" time="0.0" />
  <testcase classname="test.evaluador.Sintaxis.TestAST" name="testTresOpSeguidos" time="0.0010" />
  <testcase classname="test.evaluador.Sintaxis.TestAST" name="testCuatroOpSeguidos" time="0.0" />
  <testcase classname="test.evaluador.Sintaxis.TestAST" name="testDoubleTresOpSeguidos" time="0.0" />
  <testcase classname="test.evaluador.Sintaxis.TestAST" name="testDoubleCuatroOpSeguidos" time="0.0" />
  <testcase classname="test.evaluador.Sintaxis.TestAST" name="testDoublePuntoError" time="0.0" />
  <testcase classname="test.evaluador.Sintaxis.TestAST" name="testDoublePuntoErrorComilla" time="0.0" />
  <testcase classname="test.evaluador.Sintaxis.TestAST" name="testDoublePuntoErrorTriplepunto" time="0.0" />
  <testcase classname="test.evaluador.Sintaxis.TestAST" name="testDoublePuntoErrorBarra" time="0.0" />
  <testcase classname="test.evaluador.Sintaxis.TestAST" name="testNombreVarError" time="0.0" />
  <testcase classname="test.evaluador.Sintaxis.TestAST" name="testDoubleNombreVarError" time="0.0" />
  <testcase classname="test.evaluador.Sintaxis.TestAST" name="testParentesisNoNecesarios" time="0.0" />
  <testcase classname="test.evaluador.Sintaxis.TestAST" name="testParentesisNoNecesarios2" time="0.0" />
  <testcase classname="test.evaluador.Sintaxis.TestAST" name="testParentesisNoNecesarios3" time="0.0" />
  <testcase classname="test.evaluador.Sintaxis.TestAST" name="testParentesisNoNecesarios4" time="0.0" />
  <testcase classname="test.evaluador.Sintaxis.TestAST" name="testParentesisNoNecesarios5" time="0.0" />
  <testcase classname="test.evaluador.Sintaxis.TestAST" name="testParentesisNoNecesarios6" time="0.0" />
  <testcase classname="test.evaluador.Sintaxis.TestAST" name="testParentesisNoNecesarios7" time="0.0010" />
  <testcase classname="test.evaluador.Sintaxis.TestAST" name="testParentesisNoNecesarios8" time="0.0" />
  <testcase classname="test.evaluador.Sintaxis.TestAST" name="testParentesisNoNecesarios9" time="0.0010" />
  <testcase classname="test.evaluador.Sintaxis.TestAST" name="testDoubleParentesisNoNecesarios" time="0.0" />
  <testcase classname="test.evaluador.Sintaxis.TestAST" name="testDoubleParentesisNoNecesarios2" time="0.0" />
  <testcase classname="test.evaluador.Sintaxis.TestAST" name="testDoubleParentesisNoNecesarios3" time="0.0" />
  <testcase classname="test.evaluador.Sintaxis.TestAST" name="testDoubleParentesisNoNecesarios4" time="0.0" />
  <testcase classname="test.evaluador.Sintaxis.TestAST" name="testDoubleParentesisNoNecesarios5" time="0.0" />
  <testcase classname="test.evaluador.Sintaxis.TestAST" name="testDoubleParentesisNoNecesarios6" time="0.0" />
  <testcase classname="test.evaluador.Sintaxis.TestAST" name="testDoubleParentesisNoNecesarios7" time="0.0" />
  <testcase classname="test.evaluador.Sintaxis.TestAST" name="testDoubleParentesisNoNecesarios8" time="0.0010" />
  <testcase classname="test.evaluador.Sintaxis.TestAST" name="testDoubleParentesisNoNecesarios9" time="0.0" />
  <testcase classname="test.evaluador.Sintaxis.TestAST" name="testParentesisNecesariosSuma" time="0.0" />
  <testcase classname="test.evaluador.Sintaxis.TestAST" name="testParentesisNecesariosDivision" time="0.0010" />
  <testcase classname="test.evaluador.Sintaxis.TestAST" name="testParentesisNecesariosMultiplicacion" time="0.0" />
  <testcase classname="test.evaluador.Sintaxis.TestAST" name="testParentesisNecesariosDivisionPrev" time="0.0" />
  <testcase classname="test.evaluador.Sintaxis.TestAST" name="testDoubleParentesisNecesariosSuma" time="0.0010" />
  <testcase classname="test.evaluador.Sintaxis.TestAST" name="testDoubleParentesisNecesariosDivision" time="0.0" />
  <testcase classname="test.evaluador.Sintaxis.TestAST" name="testDoubleParentesisNecesariosMultiplicacion" time="0.0010" />
  <testcase classname="test.evaluador.Sintaxis.TestAST" name="testDoubleParentesisNecesariosDivisionPrev" time="0.0" />
  <testcase classname="test.evaluador.Sintaxis.TestAST" name="testParentesisNecesariosSumaGrupo" time="0.0" />
  <testcase classname="test.evaluador.Sintaxis.TestAST" name="testParentesisNecesariosDivisionGrupo" time="0.0010" />
  <testcase classname="test.evaluador.Sintaxis.TestAST" name="testParentesisNecesariosMultiplicacionGrupo" time="0.0" />
  <testcase classname="test.evaluador.Sintaxis.TestAST" name="testParentesisNecesariosDivisionGrupo2" time="0.0020">
    <failure message="Se comprueba que (2/(6+4)/(3+3))tiene los parÈntesis necesarios expected:&lt;(2/([(6+4)/(3+3)]))&gt; but was:&lt;(2/([6+4)/(3+3]))&gt;" type="junit.framework.ComparisonFailure">junit.framework.ComparisonFailure: Se comprueba que (2/(6+4)/(3+3))tiene los parÈntesis necesarios expected:&lt;(2/([(6+4)/(3+3)]))&gt; but was:&lt;(2/([6+4)/(3+3]))&gt;
	at test.evaluador.Sintaxis.TestAST.testParentesisNecesariosDivisionGrupo2(Unknown Source)
</failure>
  </testcase>
  <testcase classname="test.evaluador.Sintaxis.TestAST" name="testDoubleParentesisNecesariosSumaGrupo" time="0.0" />
  <testcase classname="test.evaluador.Sintaxis.TestAST" name="testDoubleParentesisNecesariosDivisionGrupo" time="0.0" />
  <testcase classname="test.evaluador.Sintaxis.TestAST" name="testDoubleParentesisNecesariosMultiplicacionGrupo" time="0.0010">
    <failure message="Se comprueba que (5.2*(6.2+1.1)*(7-2))tiene los parÈntesis necesarios expected:&lt;(5.2*([(6.2+1.1)*(7-2)]))&gt; but was:&lt;(5.2*([6.2+1.1)*(7-2]))&gt;" type="junit.framework.ComparisonFailure">junit.framework.ComparisonFailure: Se comprueba que (5.2*(6.2+1.1)*(7-2))tiene los parÈntesis necesarios expected:&lt;(5.2*([(6.2+1.1)*(7-2)]))&gt; but was:&lt;(5.2*([6.2+1.1)*(7-2]))&gt;
	at test.evaluador.Sintaxis.TestAST.testDoubleParentesisNecesariosMultiplicacionGrupo(Unknown Source)
</failure>
  </testcase>
  <testcase classname="test.evaluador.Sintaxis.TestAST" name="testDoubleParentesisNecesariosDivisionPrevGrupo" time="0.0010">
    <failure message="Se comprueba que (1.3/(2.3+3.3)/(2.3-0.1))tiene los parÈntesis necesarios expected:&lt;(1.3/([(2.3+3.3)/(2.3-0.1)]))&gt; but was:&lt;(1.3/([2.3+3.3)/(2.3-0.1]))&gt;" type="junit.framework.ComparisonFailure">junit.framework.ComparisonFailure: Se comprueba que (1.3/(2.3+3.3)/(2.3-0.1))tiene los parÈntesis necesarios expected:&lt;(1.3/([(2.3+3.3)/(2.3-0.1)]))&gt; but was:&lt;(1.3/([2.3+3.3)/(2.3-0.1]))&gt;
	at test.evaluador.Sintaxis.TestAST.testDoubleParentesisNecesariosDivisionPrevGrupo(Unknown Source)
</failure>
  </testcase>
  <testcase classname="test.evaluador.Sintaxis.TestAST" name="testParentesisNecesariosSumaGrupo2" time="0.0020">
    <failure message="Se comprueba que ((6+4)*3+(2+3))tiene los parÈntesis necesarios expected:&lt;(([(6+4)*3)]+(2+3))&gt; but was:&lt;(([6+4)*3]+(2+3))&gt;" type="junit.framework.ComparisonFailure">junit.framework.ComparisonFailure: Se comprueba que ((6+4)*3+(2+3))tiene los parÈntesis necesarios expected:&lt;(([(6+4)*3)]+(2+3))&gt; but was:&lt;(([6+4)*3]+(2+3))&gt;
	at test.evaluador.Sintaxis.TestAST.testParentesisNecesariosSumaGrupo2(Unknown Source)
</failure>
  </testcase>
  <testcase classname="test.evaluador.Sintaxis.TestAST" name="testParentesisNecesariosDivisionGrupo4" time="0.0010">
    <failure message="Se comprueba que ((6+4)*4/(2-1))tiene los parÈntesis necesarios expected:&lt;(([(6+4)*4)]/(2-1))&gt; but was:&lt;(([6+4)*4]/(2-1))&gt;" type="junit.framework.ComparisonFailure">junit.framework.ComparisonFailure: Se comprueba que ((6+4)*4/(2-1))tiene los parÈntesis necesarios expected:&lt;(([(6+4)*4)]/(2-1))&gt; but was:&lt;(([6+4)*4]/(2-1))&gt;
	at test.evaluador.Sintaxis.TestAST.testParentesisNecesariosDivisionGrupo4(Unknown Source)
</failure>
  </testcase>
  <testcase classname="test.evaluador.Sintaxis.TestAST" name="testParentesisNecesariosMultiplicacionGrupo2" time="0.0010">
    <failure message="Se comprueba que ((7-2)*(6+4)*3)tiene los parÈntesis necesarios expected:&lt;((7-2)*([(6+4)*3)])&gt; but was:&lt;((7-2)*([6+4)*3])&gt;" type="junit.framework.ComparisonFailure">junit.framework.ComparisonFailure: Se comprueba que ((7-2)*(6+4)*3)tiene los parÈntesis necesarios expected:&lt;((7-2)*([(6+4)*3)])&gt; but was:&lt;((7-2)*([6+4)*3])&gt;
	at test.evaluador.Sintaxis.TestAST.testParentesisNecesariosMultiplicacionGrupo2(Unknown Source)
</failure>
  </testcase>
  <testcase classname="test.evaluador.Sintaxis.TestAST" name="testParentesisNecesariosDivisionGrupo3" time="0.0020">
    <failure message="Se comprueba que (2/(6+4)/(3+3)*2^3)tiene los parÈntesis necesarios expected:&lt;(2/([(6+4)/((3+3)*(2^3)))])&gt; but was:&lt;(2/([6+4)/(3+3)*2^3])&gt;" type="junit.framework.ComparisonFailure">junit.framework.ComparisonFailure: Se comprueba que (2/(6+4)/(3+3)*2^3)tiene los parÈntesis necesarios expected:&lt;(2/([(6+4)/((3+3)*(2^3)))])&gt; but was:&lt;(2/([6+4)/(3+3)*2^3])&gt;
	at test.evaluador.Sintaxis.TestAST.testParentesisNecesariosDivisionGrupo3(Unknown Source)
</failure>
  </testcase>
  <testcase classname="test.evaluador.Sintaxis.TestAST" name="testDoubleParentesisNecesariosSumaGrupo2" time="0.0010">
    <error message="CreaAS: sobran operandos al finalizar" type="java.lang.Exception">java.lang.Exception: CreaAS: sobran operandos al finalizar
	at evaluador.Sintaxis.ArbolSintactico.creaAS(Unknown Source)
	at evaluador.Sintaxis.ArbolSintactico.&lt;init&gt;(Unknown Source)
	at test.evaluador.Sintaxis.TestAST.testDoubleParentesisNecesariosSumaGrupo2(Unknown Source)
</error>
  </testcase>
  <testcase classname="test.evaluador.Sintaxis.TestAST" name="testDoubleParentesisNecesariosDivisionGrupo2" time="0.0020">
    <failure message="Se comprueba que ((2.2+5.7)/(8.8-1.2)*4.4)tiene los parÈntesis necesarios expected:&lt;((2.2+5.7)/([(8.8-1.2)*4.4)])&gt; but was:&lt;((2.2+5.7)/([8.8-1.2)*4.4])&gt;" type="junit.framework.ComparisonFailure">junit.framework.ComparisonFailure: Se comprueba que ((2.2+5.7)/(8.8-1.2)*4.4)tiene los parÈntesis necesarios expected:&lt;((2.2+5.7)/([(8.8-1.2)*4.4)])&gt; but was:&lt;((2.2+5.7)/([8.8-1.2)*4.4])&gt;
	at test.evaluador.Sintaxis.TestAST.testDoubleParentesisNecesariosDivisionGrupo2(Unknown Source)
</failure>
  </testcase>
  <testcase classname="test.evaluador.Sintaxis.TestAST" name="testDoubleParentesisNecesariosMultiplicacionGrupo2" time="0.0010">
    <failure message="Se comprueba que (5.2*(6.2+1.1)*(7-2)/6.6)tiene los parÈntesis necesarios expected:&lt;(5.2*([(6.2+1.1)*((7-2)/6.6))])&gt; but was:&lt;(5.2*([6.2+1.1)*(7-2)/6.6])&gt;" type="junit.framework.ComparisonFailure">junit.framework.ComparisonFailure: Se comprueba que (5.2*(6.2+1.1)*(7-2)/6.6)tiene los parÈntesis necesarios expected:&lt;(5.2*([(6.2+1.1)*((7-2)/6.6))])&gt; but was:&lt;(5.2*([6.2+1.1)*(7-2)/6.6])&gt;
	at test.evaluador.Sintaxis.TestAST.testDoubleParentesisNecesariosMultiplicacionGrupo2(Unknown Source)
</failure>
  </testcase>
  <testcase classname="test.evaluador.Sintaxis.TestAST" name="testDoubleParentesisNecesariosDivisionPrevGrupo2" time="0.0020">
    <failure message="Se comprueba que (1.3/(2.3+3.3)/(2.3-0.1)*5.5)tiene los parÈntesis necesarios expected:&lt;(1.3/([(2.3+3.3)/((2.3-0.1)*5.5))])&gt; but was:&lt;(1.3/([2.3+3.3)/(2.3-0.1)*5.5])&gt;" type="junit.framework.ComparisonFailure">junit.framework.ComparisonFailure: Se comprueba que (1.3/(2.3+3.3)/(2.3-0.1)*5.5)tiene los parÈntesis necesarios expected:&lt;(1.3/([(2.3+3.3)/((2.3-0.1)*5.5))])&gt; but was:&lt;(1.3/([2.3+3.3)/(2.3-0.1)*5.5])&gt;
	at test.evaluador.Sintaxis.TestAST.testDoubleParentesisNecesariosDivisionPrevGrupo2(Unknown Source)
</failure>
  </testcase>
  <system-out><![CDATA[((6+4)*2)
]]></system-out>
  <system-err><![CDATA[]]></system-err>
</testsuite>
